  [1m[36mSQL (1.0ms)[0m  [1m SELECT name
 FROM sqlite_master
 WHERE type = 'table' AND NOT name = 'sqlite_sequence'
[0m
  [1m[35mSQL (0.0ms)[0m  select sqlite_version(*)
  [1m[36mSQL (7.0ms)[0m  [1mCREATE TABLE "schema_migrations" ("version" varchar(255) NOT NULL) [0m
  [1m[35mSQL (0.0ms)[0m  PRAGMA index_list("schema_migrations")
  [1m[36mSQL (9.0ms)[0m  [1mCREATE UNIQUE INDEX "unique_schema_migrations" ON "schema_migrations" ("version")[0m
  [1m[35mSQL (1.0ms)[0m   SELECT name
 FROM sqlite_master
 WHERE type = 'table' AND NOT name = 'sqlite_sequence'
  [1m[36mSQL (0.0ms)[0m  [1m SELECT name
 FROM sqlite_master
 WHERE type = 'table' AND NOT name = 'sqlite_sequence'
[0m
  [1m[35mSQL (0.0ms)[0m  SELECT "schema_migrations"."version" FROM "schema_migrations"
Migrating to CreateRecipes (20110105121304)
  [1m[36mSQL (2.0ms)[0m  [1mCREATE TABLE "recipes" ("id" INTEGER PRIMARY KEY AUTOINCREMENT NOT NULL, "nazwa" varchar(255), "przepis" text, "skladniki" varchar(255), "cena" varchar(255), "trudnosc" integer, "autor" varchar(255), "created_at" datetime, "updated_at" datetime) [0m
  [1m[35mSQL (1.0ms)[0m  INSERT INTO "schema_migrations" ("version") VALUES ('20110105121304')
  [1m[36mSQL (1.0ms)[0m  [1m SELECT name
 FROM sqlite_master
 WHERE type = 'table' AND NOT name = 'sqlite_sequence'
[0m
  [1m[35mSQL (1.0ms)[0m  SELECT "schema_migrations"."version" FROM "schema_migrations"
  [1m[36mSQL (0.0ms)[0m  [1m SELECT name
 FROM sqlite_master
 WHERE type = 'table' AND NOT name = 'sqlite_sequence'
[0m
  [1m[35mSQL (0.0ms)[0m  PRAGMA index_list("recipes")


Started GET "/" for 127.0.0.1 at 2011-01-05 13:14:49 +0100

ActionController::RoutingError (No route matches "/"):
  

Rendered D:/Ruby192/lib/ruby/gems/1.9.1/gems/actionpack-3.0.1/lib/action_dispatch/middleware/templates/rescues/routing_error.erb within rescues/layout (2.0ms)


Started GET "/" for 127.0.0.1 at 2011-01-05 13:15:25 +0100
  Processing by RecipesController#index as HTML
  [1m[36mSQL (1.0ms)[0m  [1m SELECT name
 FROM sqlite_master
 WHERE type = 'table' AND NOT name = 'sqlite_sequence'
[0m
  [1m[35mRecipe Load (1.0ms)[0m  SELECT "recipes".* FROM "recipes"
Rendered recipes/index.html.erb within layouts/application (6.0ms)
Completed 200 OK in 525ms (Views: 78.0ms | ActiveRecord: 2.0ms)


Started GET "/recipes/new" for 127.0.0.1 at 2011-01-05 13:15:27 +0100
  Processing by RecipesController#new as HTML
Rendered recipes/_form.html.erb (76.0ms)
Rendered recipes/new.html.erb within layouts/application (117.0ms)
Completed 200 OK in 287ms (Views: 237.0ms | ActiveRecord: 0.0ms)


Started POST "/recipes" for 127.0.0.1 at 2011-01-05 13:15:45 +0100
  Processing by RecipesController#create as HTML
  Parameters: {"utf8"=>"✓", "authenticity_token"=>"5CiHwbD1HFYU5IUBHfa7q6PYdxqBZB3dYuJEwxLu2qM=", "recipe"=>{"nazwa"=>"nalewka z gówna", "przepis"=>"gówno", "skladniki"=>"kał", "cena"=>"zero", "trudnosc"=>"milion", "autor"=>"dawid"}, "commit"=>"Create Recipe"}
  [1m[36mSQL (2.0ms)[0m  [1mINSERT INTO "recipes" ("autor", "cena", "created_at", "nazwa", "przepis", "skladniki", "trudnosc", "updated_at") VALUES ('dawid', 'zero', '2011-01-05 12:15:45.842000', 'nalewka z gówna', 'gówno', 'kał', 0, '2011-01-05 12:15:45.842000')[0m
Redirected to http://localhost:3000/recipes/1
Completed 302 Found in 236ms


Started GET "/recipes/1" for 127.0.0.1 at 2011-01-05 13:15:46 +0100
  Processing by RecipesController#show as HTML
  Parameters: {"id"=>"1"}
  [1m[35mRecipe Load (18.0ms)[0m  SELECT "recipes".* FROM "recipes" WHERE ("recipes"."id" = 1) LIMIT 1
Rendered recipes/show.html.erb within layouts/application (21.0ms)
Completed 200 OK in 163ms (Views: 91.0ms | ActiveRecord: 18.0ms)


Started GET "/recipes" for 127.0.0.1 at 2011-01-05 13:16:02 +0100
  Processing by RecipesController#index as HTML
  [1m[36mRecipe Load (0.0ms)[0m  [1mSELECT "recipes".* FROM "recipes"[0m
Rendered recipes/index.html.erb within layouts/application (23.0ms)
Completed 200 OK in 116ms (Views: 93.0ms | ActiveRecord: 2.0ms)


Started POST "/recipes/1" for 127.0.0.1 at 2011-01-05 14:49:12 +0100
  Processing by RecipesController#destroy as HTML
  Parameters: {"authenticity_token"=>"5CiHwbD1HFYU5IUBHfa7q6PYdxqBZB3dYuJEwxLu2qM=", "id"=>"1"}
  [1m[35mRecipe Load (1.0ms)[0m  SELECT "recipes".* FROM "recipes" WHERE ("recipes"."id" = 1) LIMIT 1
  [1m[36mSQL (1.0ms)[0m  [1mDELETE FROM "recipes" WHERE ("recipes"."id" = 1)[0m
Redirected to http://localhost:3000/recipes
Completed 302 Found in 57ms


Started GET "/recipes" for 127.0.0.1 at 2011-01-05 14:49:12 +0100
  Processing by RecipesController#index as HTML
  [1m[35mRecipe Load (0.0ms)[0m  SELECT "recipes".* FROM "recipes"
Rendered recipes/index.html.erb within layouts/application (7.0ms)
Completed 200 OK in 100ms (Views: 75.0ms | ActiveRecord: 0.0ms)


Started GET "/" for 127.0.0.1 at 2011-01-06 14:11:51 +0100
  Processing by RecipesController#index as HTML
  [1m[36mSQL (1.0ms)[0m  [1m SELECT name
 FROM sqlite_master
 WHERE type = 'table' AND NOT name = 'sqlite_sequence'
[0m
Completed   in 53ms

NoMethodError (undefined method `has_attached_file' for #<Class:0x3868140>):
  app/models/recipe.rb:2:in `<class:Recipe>'
  app/models/recipe.rb:1:in `<top (required)>'
  app/controllers/recipes_controller.rb:5:in `index'

Rendered D:/Ruby192/lib/ruby/gems/1.9.1/gems/actionpack-3.0.1/lib/action_dispatch/middleware/templates/rescues/_trace.erb (2.0ms)
Rendered D:/Ruby192/lib/ruby/gems/1.9.1/gems/actionpack-3.0.1/lib/action_dispatch/middleware/templates/rescues/_request_and_response.erb (4.0ms)
Rendered D:/Ruby192/lib/ruby/gems/1.9.1/gems/actionpack-3.0.1/lib/action_dispatch/middleware/templates/rescues/diagnostics.erb within rescues/layout (44.0ms)


Started GET "/" for 127.0.0.1 at 2011-01-06 14:13:45 +0100
  Processing by RecipesController#index as HTML
  [1m[35mSQL (1.0ms)[0m   SELECT name
 FROM sqlite_master
 WHERE type = 'table' AND NOT name = 'sqlite_sequence'
Completed   in 26ms

NoMethodError (undefined method `has_attached_file' for #<Class:0x3b94c78>):
  app/models/recipe.rb:2:in `<class:Recipe>'
  app/models/recipe.rb:1:in `<top (required)>'
  app/controllers/recipes_controller.rb:5:in `index'

Rendered D:/Ruby192/lib/ruby/gems/1.9.1/gems/actionpack-3.0.1/lib/action_dispatch/middleware/templates/rescues/_trace.erb (1.0ms)
Rendered D:/Ruby192/lib/ruby/gems/1.9.1/gems/actionpack-3.0.1/lib/action_dispatch/middleware/templates/rescues/_request_and_response.erb (4.0ms)
Rendered D:/Ruby192/lib/ruby/gems/1.9.1/gems/actionpack-3.0.1/lib/action_dispatch/middleware/templates/rescues/diagnostics.erb within rescues/layout (31.0ms)


Started GET "/" for 127.0.0.1 at 2011-01-06 14:14:44 +0100
  Processing by RecipesController#index as HTML
  [1m[36mSQL (0.0ms)[0m  [1m SELECT name
 FROM sqlite_master
 WHERE type = 'table' AND NOT name = 'sqlite_sequence'
[0m
Completed   in 66ms

NoMethodError (undefined method `has_attached_file' for #<Class:0x3ff6900>):
  app/models/recipe.rb:2:in `<class:Recipe>'
  app/models/recipe.rb:1:in `<top (required)>'
  app/controllers/recipes_controller.rb:5:in `index'

Rendered D:/Ruby192/lib/ruby/gems/1.9.1/gems/actionpack-3.0.1/lib/action_dispatch/middleware/templates/rescues/_trace.erb (2.0ms)
Rendered D:/Ruby192/lib/ruby/gems/1.9.1/gems/actionpack-3.0.1/lib/action_dispatch/middleware/templates/rescues/_request_and_response.erb (3.0ms)
Rendered D:/Ruby192/lib/ruby/gems/1.9.1/gems/actionpack-3.0.1/lib/action_dispatch/middleware/templates/rescues/diagnostics.erb within rescues/layout (29.0ms)


Started GET "/" for 127.0.0.1 at 2011-01-06 14:14:45 +0100
  Processing by RecipesController#index as HTML
  [1m[35mSQL (1.0ms)[0m   SELECT name
 FROM sqlite_master
 WHERE type = 'table' AND NOT name = 'sqlite_sequence'
Completed   in 26ms

NoMethodError (undefined method `has_attached_file' for #<Class:0x35b1880>):
  app/models/recipe.rb:2:in `<class:Recipe>'
  app/models/recipe.rb:1:in `<top (required)>'
  app/controllers/recipes_controller.rb:5:in `index'

Rendered D:/Ruby192/lib/ruby/gems/1.9.1/gems/actionpack-3.0.1/lib/action_dispatch/middleware/templates/rescues/_trace.erb (1.0ms)
Rendered D:/Ruby192/lib/ruby/gems/1.9.1/gems/actionpack-3.0.1/lib/action_dispatch/middleware/templates/rescues/_request_and_response.erb (4.0ms)
Rendered D:/Ruby192/lib/ruby/gems/1.9.1/gems/actionpack-3.0.1/lib/action_dispatch/middleware/templates/rescues/diagnostics.erb within rescues/layout (30.0ms)


Started GET "/" for 127.0.0.1 at 2011-01-06 14:14:45 +0100
  Processing by RecipesController#index as HTML
  [1m[36mSQL (1.0ms)[0m  [1m SELECT name
 FROM sqlite_master
 WHERE type = 'table' AND NOT name = 'sqlite_sequence'
[0m
Completed   in 28ms

NoMethodError (undefined method `has_attached_file' for #<Class:0x3e85b40>):
  app/models/recipe.rb:2:in `<class:Recipe>'
  app/models/recipe.rb:1:in `<top (required)>'
  app/controllers/recipes_controller.rb:5:in `index'

Rendered D:/Ruby192/lib/ruby/gems/1.9.1/gems/actionpack-3.0.1/lib/action_dispatch/middleware/templates/rescues/_trace.erb (1.0ms)
Rendered D:/Ruby192/lib/ruby/gems/1.9.1/gems/actionpack-3.0.1/lib/action_dispatch/middleware/templates/rescues/_request_and_response.erb (3.0ms)
Rendered D:/Ruby192/lib/ruby/gems/1.9.1/gems/actionpack-3.0.1/lib/action_dispatch/middleware/templates/rescues/diagnostics.erb within rescues/layout (29.0ms)


Started GET "/" for 127.0.0.1 at 2011-01-06 14:17:05 +0100
  Processing by RecipesController#index as HTML
  [1m[36mSQL (1.0ms)[0m  [1m SELECT name
 FROM sqlite_master
 WHERE type = 'table' AND NOT name = 'sqlite_sequence'
[0m
  [1m[35mRecipe Load (1.0ms)[0m  SELECT "recipes".* FROM "recipes"
Rendered recipes/index.html.erb within layouts/application (11.0ms)
Completed 200 OK in 816ms (Views: 125.0ms | ActiveRecord: 2.0ms)


Started GET "/recipes/new" for 127.0.0.1 at 2011-01-06 14:17:17 +0100
  Processing by RecipesController#new as HTML
DEPRECATION WARNING: <% %> style block helpers are deprecated. Please use <%= %>. (called from _app_views_recipes__form_html_erb__313992612_34379352_884960490 at C:/Users/Szolek/Documents/NetBeansProjects/nalewki/app/views/recipes/_form.html.erb:2)
Rendered recipes/_form.html.erb (72.0ms)
Rendered recipes/new.html.erb within layouts/application (108.0ms)
Completed 200 OK in 307ms (Views: 237.0ms | ActiveRecord: 0.0ms)


Started POST "/recipes" for 127.0.0.1 at 2011-01-06 14:17:36 +0100
  Processing by RecipesController#create as HTML
  Parameters: {"utf8"=>"✓", "authenticity_token"=>"awRL7o4guGI2+GyEYR6EpUud9T/byFzcuzHrOEltdGY=", "recipe"=>{"nazwa"=>"", "przepis"=>"", "skladniki"=>"", "cena"=>"", "trudnosc"=>"", "autor"=>"", "photo"=>#<File:C:/Users/Szolek/AppData/Local/Temp/RackMultipart20110106-8124-4aj39m>}, "commit"=>"Create Recipe"}
Completed   in 57ms

Paperclip::PaperclipError (Recipe model missing required attr_accessor for 'photo_file_name'):
  app/controllers/recipes_controller.rb:43:in `new'
  app/controllers/recipes_controller.rb:43:in `create'

Rendered D:/Ruby192/lib/ruby/gems/1.9.1/gems/actionpack-3.0.1/lib/action_dispatch/middleware/templates/rescues/_trace.erb (1.0ms)
Rendered D:/Ruby192/lib/ruby/gems/1.9.1/gems/actionpack-3.0.1/lib/action_dispatch/middleware/templates/rescues/_request_and_response.erb (11.0ms)
Rendered D:/Ruby192/lib/ruby/gems/1.9.1/gems/actionpack-3.0.1/lib/action_dispatch/middleware/templates/rescues/diagnostics.erb within rescues/layout (47.0ms)


Started POST "/recipes" for 127.0.0.1 at 2011-01-06 14:17:52 +0100
  Processing by RecipesController#create as HTML
  Parameters: {"utf8"=>"✓", "authenticity_token"=>"awRL7o4guGI2+GyEYR6EpUud9T/byFzcuzHrOEltdGY=", "recipe"=>{"nazwa"=>"", "przepis"=>"", "skladniki"=>"", "cena"=>"", "trudnosc"=>"", "autor"=>"", "photo"=>#<File:C:/Users/Szolek/AppData/Local/Temp/RackMultipart20110106-8124-1pt4ivl>}, "commit"=>"Create Recipe"}
Completed   in 59ms

Paperclip::PaperclipError (Recipe model missing required attr_accessor for 'photo_file_name'):
  app/controllers/recipes_controller.rb:43:in `new'
  app/controllers/recipes_controller.rb:43:in `create'

Rendered D:/Ruby192/lib/ruby/gems/1.9.1/gems/actionpack-3.0.1/lib/action_dispatch/middleware/templates/rescues/_trace.erb (1.0ms)
Rendered D:/Ruby192/lib/ruby/gems/1.9.1/gems/actionpack-3.0.1/lib/action_dispatch/middleware/templates/rescues/_request_and_response.erb (9.0ms)
Rendered D:/Ruby192/lib/ruby/gems/1.9.1/gems/actionpack-3.0.1/lib/action_dispatch/middleware/templates/rescues/diagnostics.erb within rescues/layout (36.0ms)
  [1m[36mSQL (2.0ms)[0m  [1m SELECT name
 FROM sqlite_master
 WHERE type = 'table' AND NOT name = 'sqlite_sequence'
[0m
  [1m[35mSQL (1.0ms)[0m   SELECT name
 FROM sqlite_master
 WHERE type = 'table' AND NOT name = 'sqlite_sequence'
  [1m[36mSQL (0.0ms)[0m  [1mSELECT "schema_migrations"."version" FROM "schema_migrations"[0m
Migrating to CreateRecipes (20110105121304)
Migrating to AddAttachmentPhotoToRecipe (20110106132015)
  [1m[35mSQL (0.0ms)[0m  select sqlite_version(*)
  [1m[36mSQL (3.0ms)[0m  [1mALTER TABLE "recipes" ADD "photo_file_name" varchar(255)[0m
  [1m[35mSQL (1.0ms)[0m  ALTER TABLE "recipes" ADD "photo_content_type" varchar(255)
  [1m[36mSQL (0.0ms)[0m  [1mALTER TABLE "recipes" ADD "photo_file_size" integer[0m
  [1m[35mSQL (0.0ms)[0m  ALTER TABLE "recipes" ADD "photo_updated_at" datetime
  [1m[36mSQL (0.0ms)[0m  [1mINSERT INTO "schema_migrations" ("version") VALUES ('20110106132015')[0m
  [1m[35mSQL (0.0ms)[0m   SELECT name
 FROM sqlite_master
 WHERE type = 'table' AND NOT name = 'sqlite_sequence'
  [1m[36mSQL (0.0ms)[0m  [1mSELECT "schema_migrations"."version" FROM "schema_migrations"[0m
  [1m[35mSQL (0.0ms)[0m   SELECT name
 FROM sqlite_master
 WHERE type = 'table' AND NOT name = 'sqlite_sequence'
  [1m[36mSQL (0.0ms)[0m  [1mPRAGMA index_list("recipes")[0m


Started GET "/" for 127.0.0.1 at 2011-01-06 14:22:51 +0100
  Processing by RecipesController#index as HTML
  [1m[36mSQL (2.0ms)[0m  [1m SELECT name
 FROM sqlite_master
 WHERE type = 'table' AND NOT name = 'sqlite_sequence'
[0m
  [1m[35mRecipe Load (1.0ms)[0m  SELECT "recipes".* FROM "recipes"
Rendered recipes/index.html.erb within layouts/application (11.0ms)
Completed 200 OK in 756ms (Views: 116.0ms | ActiveRecord: 3.0ms)


Started GET "/recipes/new" for 127.0.0.1 at 2011-01-06 14:23:15 +0100
  Processing by RecipesController#new as HTML
DEPRECATION WARNING: <% %> style block helpers are deprecated. Please use <%= %>. (called from _app_views_recipes__form_html_erb___401684035_32779980__694839638 at C:/Users/Szolek/Documents/NetBeansProjects/nalewki/app/views/recipes/_form.html.erb:2)
Rendered recipes/_form.html.erb (35.0ms)
Rendered recipes/new.html.erb within layouts/application (73.0ms)
Completed 200 OK in 300ms (Views: 188.0ms | ActiveRecord: 0.0ms)


Started POST "/recipes" for 127.0.0.1 at 2011-01-06 14:23:20 +0100
  Processing by RecipesController#create as HTML
  Parameters: {"utf8"=>"✓", "authenticity_token"=>"6sGPM5lLS5hEYB3oRYSzvZ01iQrWMDTNrAVO44hzcvQ=", "recipe"=>{"nazwa"=>"", "przepis"=>"", "skladniki"=>"", "cena"=>"", "trudnosc"=>"", "autor"=>"", "photo"=>#<File:C:/Users/Szolek/AppData/Local/Temp/RackMultipart20110106-7172-l97uv8>}, "commit"=>"Create Recipe"}
[paperclip] identify -format %wx%h "C:/Users/Szolek/AppData/Local/Temp/stream20110106-7172-1gao34o.jpg[0]" 2>NUL
[paperclip] convert "C:/Users/Szolek/AppData/Local/Temp/stream20110106-7172-1gao34o.jpg[0]" -resize "150x150>" "C:/Users/Szolek/AppData/Local/Temp/stream20110106-7172-1gao34o20110106-7172-1nwfcsd" 2>NUL
  [1m[36mSQL (2.0ms)[0m  [1mINSERT INTO "recipes" ("autor", "cena", "created_at", "nazwa", "photo_content_type", "photo_file_name", "photo_file_size", "photo_updated_at", "przepis", "skladniki", "trudnosc", "updated_at") VALUES ('', '', '2011-01-06 13:23:22.018000', '', 'image/jpeg', '5001.jpg', 65271, '2011-01-06 13:23:20.433000', '', '', NULL, '2011-01-06 13:23:22.018000')[0m
[paperclip] Saving attachments.
[paperclip] saving C:/Users/Szolek/Documents/NetBeansProjects/nalewki/public/zdjecia/2/original/5001.jpg
[paperclip] saving C:/Users/Szolek/Documents/NetBeansProjects/nalewki/public/zdjecia/2/small/5001.jpg
Redirected to http://localhost:3000/recipes/2
Completed 302 Found in 2030ms


Started GET "/recipes/2" for 127.0.0.1 at 2011-01-06 14:23:22 +0100
  Processing by RecipesController#show as HTML
  Parameters: {"id"=>"2"}
  [1m[35mRecipe Load (1.0ms)[0m  SELECT "recipes".* FROM "recipes" WHERE ("recipes"."id" = 2) LIMIT 1
Rendered recipes/show.html.erb within layouts/application (149.0ms)
Completed   in 305ms

ActionView::Template::Error (undefined method `photo' for nil:NilClass):
    5:   <%= @recipe.nazwa %>
    6: </p>
    7: <p>
    8: <%= image_tag @product.photo.url(:small) %>
    9: </p>
    10: <p>
    11:   <b>Przepis:</b>
  app/views/recipes/show.html.erb:8:in `_app_views_recipes_show_html_erb__108604601_30030408__425510849'
  app/controllers/recipes_controller.rb:18:in `show'

Rendered D:/Ruby192/lib/ruby/gems/1.9.1/gems/actionpack-3.0.1/lib/action_dispatch/middleware/templates/rescues/_trace.erb (2.0ms)
Rendered D:/Ruby192/lib/ruby/gems/1.9.1/gems/actionpack-3.0.1/lib/action_dispatch/middleware/templates/rescues/_request_and_response.erb (6.0ms)
Rendered D:/Ruby192/lib/ruby/gems/1.9.1/gems/actionpack-3.0.1/lib/action_dispatch/middleware/templates/rescues/template_error.erb within rescues/layout (46.0ms)


Started GET "/recipes/2" for 127.0.0.1 at 2011-01-06 14:23:55 +0100
  Processing by RecipesController#show as HTML
  Parameters: {"id"=>"2"}
  [1m[36mRecipe Load (0.0ms)[0m  [1mSELECT "recipes".* FROM "recipes" WHERE ("recipes"."id" = 2) LIMIT 1[0m
Rendered recipes/show.html.erb within layouts/application (52.0ms)
Completed 200 OK in 161ms (Views: 126.0ms | ActiveRecord: 0.0ms)


Started GET "/recipes" for 127.0.0.1 at 2011-01-06 14:23:57 +0100
  Processing by RecipesController#index as HTML
  [1m[35mRecipe Load (2.0ms)[0m  SELECT "recipes".* FROM "recipes"
Rendered recipes/index.html.erb within layouts/application (52.0ms)
Completed 200 OK in 152ms (Views: 125.0ms | ActiveRecord: 2.0ms)


Started GET "/recipes" for 127.0.0.1 at 2011-01-06 14:24:00 +0100
  Processing by RecipesController#index as HTML
  [1m[36mRecipe Load (1.0ms)[0m  [1mSELECT "recipes".* FROM "recipes"[0m
Rendered recipes/index.html.erb within layouts/application (53.0ms)
Completed 200 OK in 149ms (Views: 122.0ms | ActiveRecord: 1.0ms)


Started GET "/recipes/2" for 127.0.0.1 at 2011-01-06 14:24:01 +0100
  Processing by RecipesController#show as HTML
  Parameters: {"id"=>"2"}
  [1m[35mRecipe Load (1.0ms)[0m  SELECT "recipes".* FROM "recipes" WHERE ("recipes"."id" = 2) LIMIT 1
Rendered recipes/show.html.erb within layouts/application (54.0ms)
Completed 200 OK in 159ms (Views: 124.0ms | ActiveRecord: 1.0ms)


Started GET "/recipes" for 127.0.0.1 at 2011-01-06 14:38:45 +0100
  Processing by RecipesController#index as HTML
  [1m[36mRecipe Load (0.0ms)[0m  [1mSELECT "recipes".* FROM "recipes" WHERE (body like '%%') ORDER BY created_at desc[0m
SQLite3::SQLException: no such column: body: SELECT     "recipes".* FROM       "recipes"  WHERE     (body like '%%') ORDER BY  created_at desc
Rendered recipes/index.html.erb within layouts/application (3.0ms)
Completed   in 99ms

ActionView::Template::Error (SQLite3::SQLException: no such column: body: SELECT     "recipes".* FROM       "recipes"  WHERE     (body like '%%') ORDER BY  created_at desc):
    13:     <th></th>
    14:   </tr>
    15: 
    16: <% @recipes.each do |recipe| %>
    17:   <tr>
    18:     <td><%= recipe.nazwa %></td>
    19:     <td><%= recipe.przepis %></td>
  app/views/recipes/index.html.erb:16:in `_app_views_recipes_index_html_erb__338257435_31813920__425510849'
  app/controllers/recipes_controller.rb:7:in `index'

Rendered D:/Ruby192/lib/ruby/gems/1.9.1/gems/actionpack-3.0.1/lib/action_dispatch/middleware/templates/rescues/_trace.erb (1.0ms)
  [1m[35mRecipe Load (0.0ms)[0m  SELECT "recipes".* FROM "recipes" WHERE (body like '%%') ORDER BY created_at desc
SQLite3::SQLException: no such column: body: SELECT     "recipes".* FROM       "recipes"  WHERE     (body like '%%') ORDER BY  created_at desc
Rendered D:/Ruby192/lib/ruby/gems/1.9.1/gems/actionpack-3.0.1/lib/action_dispatch/middleware/templates/rescues/_request_and_response.erb (5.0ms)
Rendered D:/Ruby192/lib/ruby/gems/1.9.1/gems/actionpack-3.0.1/lib/action_dispatch/middleware/templates/rescues/template_error.erb within rescues/layout (34.0ms)


Started GET "/recipes" for 127.0.0.1 at 2011-01-06 14:39:26 +0100
  Processing by RecipesController#index as HTML
  [1m[36mRecipe Load (2.0ms)[0m  [1mSELECT "recipes".* FROM "recipes" WHERE (nazwa like '%%') ORDER BY created_at desc[0m
Rendered recipes/index.html.erb within layouts/application (52.0ms)
Completed 200 OK in 144ms (Views: 116.0ms | ActiveRecord: 2.0ms)


Started GET "/javascripts/prototype.js" for 127.0.0.1 at 2011-01-06 14:39:26 +0100

ActionController::RoutingError (No route matches "/javascripts/prototype.js"):
  

Rendered D:/Ruby192/lib/ruby/gems/1.9.1/gems/actionpack-3.0.1/lib/action_dispatch/middleware/templates/rescues/routing_error.erb within rescues/layout (2.0ms)


Started GET "/javascripts/effects.js" for 127.0.0.1 at 2011-01-06 14:39:26 +0100

ActionController::RoutingError (No route matches "/javascripts/effects.js"):
  

Rendered D:/Ruby192/lib/ruby/gems/1.9.1/gems/actionpack-3.0.1/lib/action_dispatch/middleware/templates/rescues/routing_error.erb within rescues/layout (1.0ms)


Started GET "/javascripts/dragdrop.js" for 127.0.0.1 at 2011-01-06 14:39:26 +0100

ActionController::RoutingError (No route matches "/javascripts/dragdrop.js"):
  

Rendered D:/Ruby192/lib/ruby/gems/1.9.1/gems/actionpack-3.0.1/lib/action_dispatch/middleware/templates/rescues/routing_error.erb within rescues/layout (1.0ms)


Started GET "/javascripts/controls.js" for 127.0.0.1 at 2011-01-06 14:39:26 +0100

ActionController::RoutingError (No route matches "/javascripts/controls.js"):
  

Rendered D:/Ruby192/lib/ruby/gems/1.9.1/gems/actionpack-3.0.1/lib/action_dispatch/middleware/templates/rescues/routing_error.erb within rescues/layout (1.0ms)


Started GET "/javascripts/rails.js" for 127.0.0.1 at 2011-01-06 14:39:26 +0100

ActionController::RoutingError (No route matches "/javascripts/rails.js"):
  

Rendered D:/Ruby192/lib/ruby/gems/1.9.1/gems/actionpack-3.0.1/lib/action_dispatch/middleware/templates/rescues/routing_error.erb within rescues/layout (1.0ms)


Started GET "/recipes/new" for 127.0.0.1 at 2011-01-06 14:39:30 +0100
  Processing by RecipesController#new as HTML
DEPRECATION WARNING: <% %> style block helpers are deprecated. Please use <%= %>. (called from _app_views_recipes__form_html_erb___401684035_30459180__694839638 at C:/Users/Szolek/Documents/NetBeansProjects/nalewki/app/views/recipes/_form.html.erb:2)
Rendered recipes/_form.html.erb (17.0ms)
Rendered recipes/new.html.erb within layouts/application (41.0ms)
Completed 200 OK in 142ms (Views: 110.0ms | ActiveRecord: 0.0ms)


Started GET "/javascripts/prototype.js" for 127.0.0.1 at 2011-01-06 14:39:31 +0100

ActionController::RoutingError (No route matches "/javascripts/prototype.js"):
  

Rendered D:/Ruby192/lib/ruby/gems/1.9.1/gems/actionpack-3.0.1/lib/action_dispatch/middleware/templates/rescues/routing_error.erb within rescues/layout (1.0ms)


Started GET "/javascripts/effects.js" for 127.0.0.1 at 2011-01-06 14:39:31 +0100

ActionController::RoutingError (No route matches "/javascripts/effects.js"):
  

Rendered D:/Ruby192/lib/ruby/gems/1.9.1/gems/actionpack-3.0.1/lib/action_dispatch/middleware/templates/rescues/routing_error.erb within rescues/layout (1.0ms)


Started GET "/javascripts/dragdrop.js" for 127.0.0.1 at 2011-01-06 14:39:31 +0100

ActionController::RoutingError (No route matches "/javascripts/dragdrop.js"):
  

Rendered D:/Ruby192/lib/ruby/gems/1.9.1/gems/actionpack-3.0.1/lib/action_dispatch/middleware/templates/rescues/routing_error.erb within rescues/layout (1.0ms)


Started GET "/javascripts/controls.js" for 127.0.0.1 at 2011-01-06 14:39:31 +0100

ActionController::RoutingError (No route matches "/javascripts/controls.js"):
  

Rendered D:/Ruby192/lib/ruby/gems/1.9.1/gems/actionpack-3.0.1/lib/action_dispatch/middleware/templates/rescues/routing_error.erb within rescues/layout (2.0ms)


Started GET "/javascripts/rails.js" for 127.0.0.1 at 2011-01-06 14:39:31 +0100

ActionController::RoutingError (No route matches "/javascripts/rails.js"):
  

Rendered D:/Ruby192/lib/ruby/gems/1.9.1/gems/actionpack-3.0.1/lib/action_dispatch/middleware/templates/rescues/routing_error.erb within rescues/layout (1.0ms)


Started POST "/recipes" for 127.0.0.1 at 2011-01-06 14:39:37 +0100
  Processing by RecipesController#create as HTML
  Parameters: {"utf8"=>"✓", "authenticity_token"=>"6sGPM5lLS5hEYB3oRYSzvZ01iQrWMDTNrAVO44hzcvQ=", "recipe"=>{"nazwa"=>"penis", "przepis"=>"", "skladniki"=>"", "cena"=>"", "trudnosc"=>"", "autor"=>"", "photo"=>#<File:C:/Users/Szolek/AppData/Local/Temp/RackMultipart20110106-7172-v29ran>}, "commit"=>"Create Recipe"}
[paperclip] identify -format %wx%h "C:/Users/Szolek/AppData/Local/Temp/stream20110106-7172-tk6abl.jpg[0]" 2>NUL
[paperclip] convert "C:/Users/Szolek/AppData/Local/Temp/stream20110106-7172-tk6abl.jpg[0]" -resize "150x150>" "C:/Users/Szolek/AppData/Local/Temp/stream20110106-7172-tk6abl20110106-7172-1ex2gjq" 2>NUL
  [1m[35mSQL (2.0ms)[0m  INSERT INTO "recipes" ("autor", "cena", "created_at", "nazwa", "photo_content_type", "photo_file_name", "photo_file_size", "photo_updated_at", "przepis", "skladniki", "trudnosc", "updated_at") VALUES ('', '', '2011-01-06 13:39:37.781000', 'penis', 'image/jpeg', '32083_114884801888313_100001003824196_86489_1054772_n.jpg', 52384, '2011-01-06 13:39:37.567000', '', '', NULL, '2011-01-06 13:39:37.781000')
[paperclip] Saving attachments.
[paperclip] saving C:/Users/Szolek/Documents/NetBeansProjects/nalewki/public/zdjecia/3/original/32083_114884801888313_100001003824196_86489_1054772_n.jpg
[paperclip] saving C:/Users/Szolek/Documents/NetBeansProjects/nalewki/public/zdjecia/3/small/32083_114884801888313_100001003824196_86489_1054772_n.jpg
Redirected to http://localhost:3000/recipes/3
Completed 302 Found in 340ms


Started GET "/recipes/3" for 127.0.0.1 at 2011-01-06 14:39:37 +0100
  Processing by RecipesController#show as HTML
  Parameters: {"id"=>"3"}
  [1m[36mRecipe Load (0.0ms)[0m  [1mSELECT "recipes".* FROM "recipes" WHERE ("recipes"."id" = 3) LIMIT 1[0m
Rendered recipes/show.html.erb within layouts/application (27.0ms)
Completed 200 OK in 159ms (Views: 123.0ms | ActiveRecord: 0.0ms)


Started GET "/javascripts/prototype.js" for 127.0.0.1 at 2011-01-06 14:39:38 +0100

ActionController::RoutingError (No route matches "/javascripts/prototype.js"):
  

Rendered D:/Ruby192/lib/ruby/gems/1.9.1/gems/actionpack-3.0.1/lib/action_dispatch/middleware/templates/rescues/routing_error.erb within rescues/layout (1.0ms)


Started GET "/javascripts/effects.js" for 127.0.0.1 at 2011-01-06 14:39:38 +0100

ActionController::RoutingError (No route matches "/javascripts/effects.js"):
  

Rendered D:/Ruby192/lib/ruby/gems/1.9.1/gems/actionpack-3.0.1/lib/action_dispatch/middleware/templates/rescues/routing_error.erb within rescues/layout (1.0ms)


Started GET "/javascripts/dragdrop.js" for 127.0.0.1 at 2011-01-06 14:39:38 +0100

ActionController::RoutingError (No route matches "/javascripts/dragdrop.js"):
  

Rendered D:/Ruby192/lib/ruby/gems/1.9.1/gems/actionpack-3.0.1/lib/action_dispatch/middleware/templates/rescues/routing_error.erb within rescues/layout (2.0ms)


Started GET "/javascripts/controls.js" for 127.0.0.1 at 2011-01-06 14:39:38 +0100

ActionController::RoutingError (No route matches "/javascripts/controls.js"):
  

Rendered D:/Ruby192/lib/ruby/gems/1.9.1/gems/actionpack-3.0.1/lib/action_dispatch/middleware/templates/rescues/routing_error.erb within rescues/layout (2.0ms)


Started GET "/javascripts/rails.js" for 127.0.0.1 at 2011-01-06 14:39:38 +0100

ActionController::RoutingError (No route matches "/javascripts/rails.js"):
  

Rendered D:/Ruby192/lib/ruby/gems/1.9.1/gems/actionpack-3.0.1/lib/action_dispatch/middleware/templates/rescues/routing_error.erb within rescues/layout (1.0ms)


Started GET "/recipes" for 127.0.0.1 at 2011-01-06 14:39:39 +0100
  Processing by RecipesController#index as HTML
  [1m[35mRecipe Load (2.0ms)[0m  SELECT "recipes".* FROM "recipes" WHERE (nazwa like '%%') ORDER BY created_at desc
Rendered recipes/index.html.erb within layouts/application (47.0ms)
Completed 200 OK in 192ms (Views: 150.0ms | ActiveRecord: 4.0ms)


Started GET "/javascripts/prototype.js" for 127.0.0.1 at 2011-01-06 14:39:40 +0100

ActionController::RoutingError (No route matches "/javascripts/prototype.js"):
  

Rendered D:/Ruby192/lib/ruby/gems/1.9.1/gems/actionpack-3.0.1/lib/action_dispatch/middleware/templates/rescues/routing_error.erb within rescues/layout (2.0ms)


Started GET "/javascripts/effects.js" for 127.0.0.1 at 2011-01-06 14:39:40 +0100

ActionController::RoutingError (No route matches "/javascripts/effects.js"):
  

Rendered D:/Ruby192/lib/ruby/gems/1.9.1/gems/actionpack-3.0.1/lib/action_dispatch/middleware/templates/rescues/routing_error.erb within rescues/layout (2.0ms)


Started GET "/javascripts/dragdrop.js" for 127.0.0.1 at 2011-01-06 14:39:40 +0100

ActionController::RoutingError (No route matches "/javascripts/dragdrop.js"):
  

Rendered D:/Ruby192/lib/ruby/gems/1.9.1/gems/actionpack-3.0.1/lib/action_dispatch/middleware/templates/rescues/routing_error.erb within rescues/layout (2.0ms)


Started GET "/javascripts/controls.js" for 127.0.0.1 at 2011-01-06 14:39:40 +0100

ActionController::RoutingError (No route matches "/javascripts/controls.js"):
  

Rendered D:/Ruby192/lib/ruby/gems/1.9.1/gems/actionpack-3.0.1/lib/action_dispatch/middleware/templates/rescues/routing_error.erb within rescues/layout (2.0ms)


Started GET "/javascripts/rails.js" for 127.0.0.1 at 2011-01-06 14:39:40 +0100

ActionController::RoutingError (No route matches "/javascripts/rails.js"):
  

Rendered D:/Ruby192/lib/ruby/gems/1.9.1/gems/actionpack-3.0.1/lib/action_dispatch/middleware/templates/rescues/routing_error.erb within rescues/layout (3.0ms)


Started GET "/recipes/new" for 127.0.0.1 at 2011-01-06 14:39:44 +0100
  Processing by RecipesController#new as HTML
DEPRECATION WARNING: <% %> style block helpers are deprecated. Please use <%= %>. (called from _app_views_recipes__form_html_erb___401684035_23301084__694839638 at C:/Users/Szolek/Documents/NetBeansProjects/nalewki/app/views/recipes/_form.html.erb:2)
Rendered recipes/_form.html.erb (40.0ms)
Rendered recipes/new.html.erb within layouts/application (64.0ms)
Completed 200 OK in 167ms (Views: 133.0ms | ActiveRecord: 0.0ms)


Started GET "/javascripts/prototype.js" for 127.0.0.1 at 2011-01-06 14:39:45 +0100

ActionController::RoutingError (No route matches "/javascripts/prototype.js"):
  

Rendered D:/Ruby192/lib/ruby/gems/1.9.1/gems/actionpack-3.0.1/lib/action_dispatch/middleware/templates/rescues/routing_error.erb within rescues/layout (1.0ms)


Started GET "/javascripts/effects.js" for 127.0.0.1 at 2011-01-06 14:39:45 +0100

ActionController::RoutingError (No route matches "/javascripts/effects.js"):
  

Rendered D:/Ruby192/lib/ruby/gems/1.9.1/gems/actionpack-3.0.1/lib/action_dispatch/middleware/templates/rescues/routing_error.erb within rescues/layout (1.0ms)


Started GET "/javascripts/dragdrop.js" for 127.0.0.1 at 2011-01-06 14:39:45 +0100

ActionController::RoutingError (No route matches "/javascripts/dragdrop.js"):
  

Rendered D:/Ruby192/lib/ruby/gems/1.9.1/gems/actionpack-3.0.1/lib/action_dispatch/middleware/templates/rescues/routing_error.erb within rescues/layout (2.0ms)


Started GET "/javascripts/controls.js" for 127.0.0.1 at 2011-01-06 14:39:45 +0100

ActionController::RoutingError (No route matches "/javascripts/controls.js"):
  

Rendered D:/Ruby192/lib/ruby/gems/1.9.1/gems/actionpack-3.0.1/lib/action_dispatch/middleware/templates/rescues/routing_error.erb within rescues/layout (1.0ms)


Started GET "/javascripts/rails.js" for 127.0.0.1 at 2011-01-06 14:39:45 +0100

ActionController::RoutingError (No route matches "/javascripts/rails.js"):
  

Rendered D:/Ruby192/lib/ruby/gems/1.9.1/gems/actionpack-3.0.1/lib/action_dispatch/middleware/templates/rescues/routing_error.erb within rescues/layout (1.0ms)


Started POST "/recipes" for 127.0.0.1 at 2011-01-06 14:39:52 +0100
  Processing by RecipesController#create as HTML
  Parameters: {"utf8"=>"✓", "authenticity_token"=>"6sGPM5lLS5hEYB3oRYSzvZ01iQrWMDTNrAVO44hzcvQ=", "recipe"=>{"nazwa"=>"człowiek", "przepis"=>"", "skladniki"=>"", "cena"=>"", "trudnosc"=>"", "autor"=>"", "photo"=>#<File:C:/Users/Szolek/AppData/Local/Temp/RackMultipart20110106-7172-1t4gi7b>}, "commit"=>"Create Recipe"}
[paperclip] identify -format %wx%h "C:/Users/Szolek/AppData/Local/Temp/stream20110106-7172-1pmj2zb.jpg[0]" 2>NUL
[paperclip] convert "C:/Users/Szolek/AppData/Local/Temp/stream20110106-7172-1pmj2zb.jpg[0]" -resize "150x150>" "C:/Users/Szolek/AppData/Local/Temp/stream20110106-7172-1pmj2zb20110106-7172-1243lh4" 2>NUL
  [1m[36mSQL (2.0ms)[0m  [1mINSERT INTO "recipes" ("autor", "cena", "created_at", "nazwa", "photo_content_type", "photo_file_name", "photo_file_size", "photo_updated_at", "przepis", "skladniki", "trudnosc", "updated_at") VALUES ('', '', '2011-01-06 13:39:52.997000', 'człowiek', 'image/jpeg', '5001.jpg', 65271, '2011-01-06 13:39:52.827000', '', '', NULL, '2011-01-06 13:39:52.997000')[0m
[paperclip] Saving attachments.
[paperclip] saving C:/Users/Szolek/Documents/NetBeansProjects/nalewki/public/zdjecia/4/original/5001.jpg
[paperclip] saving C:/Users/Szolek/Documents/NetBeansProjects/nalewki/public/zdjecia/4/small/5001.jpg
Redirected to http://localhost:3000/recipes/4
Completed 302 Found in 295ms


Started GET "/recipes/4" for 127.0.0.1 at 2011-01-06 14:39:53 +0100
  Processing by RecipesController#show as HTML
  Parameters: {"id"=>"4"}
  [1m[35mRecipe Load (1.0ms)[0m  SELECT "recipes".* FROM "recipes" WHERE ("recipes"."id" = 4) LIMIT 1
Rendered recipes/show.html.erb within layouts/application (30.0ms)
Completed 200 OK in 136ms (Views: 100.0ms | ActiveRecord: 1.0ms)


Started GET "/javascripts/prototype.js" for 127.0.0.1 at 2011-01-06 14:39:53 +0100

ActionController::RoutingError (No route matches "/javascripts/prototype.js"):
  

Rendered D:/Ruby192/lib/ruby/gems/1.9.1/gems/actionpack-3.0.1/lib/action_dispatch/middleware/templates/rescues/routing_error.erb within rescues/layout (2.0ms)


Started GET "/javascripts/effects.js" for 127.0.0.1 at 2011-01-06 14:39:53 +0100

ActionController::RoutingError (No route matches "/javascripts/effects.js"):
  

Rendered D:/Ruby192/lib/ruby/gems/1.9.1/gems/actionpack-3.0.1/lib/action_dispatch/middleware/templates/rescues/routing_error.erb within rescues/layout (1.0ms)


Started GET "/javascripts/dragdrop.js" for 127.0.0.1 at 2011-01-06 14:39:53 +0100

ActionController::RoutingError (No route matches "/javascripts/dragdrop.js"):
  

Rendered D:/Ruby192/lib/ruby/gems/1.9.1/gems/actionpack-3.0.1/lib/action_dispatch/middleware/templates/rescues/routing_error.erb within rescues/layout (1.0ms)


Started GET "/javascripts/controls.js" for 127.0.0.1 at 2011-01-06 14:39:53 +0100

ActionController::RoutingError (No route matches "/javascripts/controls.js"):
  

Rendered D:/Ruby192/lib/ruby/gems/1.9.1/gems/actionpack-3.0.1/lib/action_dispatch/middleware/templates/rescues/routing_error.erb within rescues/layout (1.0ms)


Started GET "/javascripts/rails.js" for 127.0.0.1 at 2011-01-06 14:39:53 +0100

ActionController::RoutingError (No route matches "/javascripts/rails.js"):
  

Rendered D:/Ruby192/lib/ruby/gems/1.9.1/gems/actionpack-3.0.1/lib/action_dispatch/middleware/templates/rescues/routing_error.erb within rescues/layout (1.0ms)


Started GET "/recipes" for 127.0.0.1 at 2011-01-06 14:39:55 +0100
  Processing by RecipesController#index as HTML
  [1m[36mRecipe Load (3.0ms)[0m  [1mSELECT "recipes".* FROM "recipes" WHERE (nazwa like '%%') ORDER BY created_at desc[0m
Rendered recipes/index.html.erb within layouts/application (85.0ms)
Completed 200 OK in 226ms (Views: 185.0ms | ActiveRecord: 5.0ms)


Started GET "/javascripts/prototype.js" for 127.0.0.1 at 2011-01-06 14:39:55 +0100

ActionController::RoutingError (No route matches "/javascripts/prototype.js"):
  

Rendered D:/Ruby192/lib/ruby/gems/1.9.1/gems/actionpack-3.0.1/lib/action_dispatch/middleware/templates/rescues/routing_error.erb within rescues/layout (2.0ms)


Started GET "/javascripts/effects.js" for 127.0.0.1 at 2011-01-06 14:39:55 +0100

ActionController::RoutingError (No route matches "/javascripts/effects.js"):
  

Rendered D:/Ruby192/lib/ruby/gems/1.9.1/gems/actionpack-3.0.1/lib/action_dispatch/middleware/templates/rescues/routing_error.erb within rescues/layout (1.0ms)


Started GET "/javascripts/dragdrop.js" for 127.0.0.1 at 2011-01-06 14:39:56 +0100

ActionController::RoutingError (No route matches "/javascripts/dragdrop.js"):
  

Rendered D:/Ruby192/lib/ruby/gems/1.9.1/gems/actionpack-3.0.1/lib/action_dispatch/middleware/templates/rescues/routing_error.erb within rescues/layout (2.0ms)


Started GET "/javascripts/controls.js" for 127.0.0.1 at 2011-01-06 14:39:56 +0100

ActionController::RoutingError (No route matches "/javascripts/controls.js"):
  

Rendered D:/Ruby192/lib/ruby/gems/1.9.1/gems/actionpack-3.0.1/lib/action_dispatch/middleware/templates/rescues/routing_error.erb within rescues/layout (2.0ms)


Started GET "/javascripts/rails.js" for 127.0.0.1 at 2011-01-06 14:39:56 +0100

ActionController::RoutingError (No route matches "/javascripts/rails.js"):
  

Rendered D:/Ruby192/lib/ruby/gems/1.9.1/gems/actionpack-3.0.1/lib/action_dispatch/middleware/templates/rescues/routing_error.erb within rescues/layout (2.0ms)


Started GET "/recipes?utf8=%E2%9C%93&search=penis" for 127.0.0.1 at 2011-01-06 14:39:59 +0100
  Processing by RecipesController#index as HTML
  Parameters: {"utf8"=>"✓", "search"=>"penis"}
  [1m[35mRecipe Load (2.0ms)[0m  SELECT "recipes".* FROM "recipes" WHERE (nazwa like '%penis%') ORDER BY created_at desc
Rendered recipes/index.html.erb within layouts/application (45.0ms)
Completed 200 OK in 214ms (Views: 146.0ms | ActiveRecord: 2.0ms)


Started GET "/javascripts/prototype.js" for 127.0.0.1 at 2011-01-06 14:40:00 +0100

ActionController::RoutingError (No route matches "/javascripts/prototype.js"):
  

Rendered D:/Ruby192/lib/ruby/gems/1.9.1/gems/actionpack-3.0.1/lib/action_dispatch/middleware/templates/rescues/routing_error.erb within rescues/layout (1.0ms)


Started GET "/javascripts/effects.js" for 127.0.0.1 at 2011-01-06 14:40:00 +0100

ActionController::RoutingError (No route matches "/javascripts/effects.js"):
  

Rendered D:/Ruby192/lib/ruby/gems/1.9.1/gems/actionpack-3.0.1/lib/action_dispatch/middleware/templates/rescues/routing_error.erb within rescues/layout (2.0ms)


Started GET "/javascripts/dragdrop.js" for 127.0.0.1 at 2011-01-06 14:40:00 +0100

ActionController::RoutingError (No route matches "/javascripts/dragdrop.js"):
  

Rendered D:/Ruby192/lib/ruby/gems/1.9.1/gems/actionpack-3.0.1/lib/action_dispatch/middleware/templates/rescues/routing_error.erb within rescues/layout (1.0ms)


Started GET "/javascripts/controls.js" for 127.0.0.1 at 2011-01-06 14:40:00 +0100

ActionController::RoutingError (No route matches "/javascripts/controls.js"):
  

Rendered D:/Ruby192/lib/ruby/gems/1.9.1/gems/actionpack-3.0.1/lib/action_dispatch/middleware/templates/rescues/routing_error.erb within rescues/layout (1.0ms)


Started GET "/javascripts/rails.js" for 127.0.0.1 at 2011-01-06 14:40:00 +0100

ActionController::RoutingError (No route matches "/javascripts/rails.js"):
  

Rendered D:/Ruby192/lib/ruby/gems/1.9.1/gems/actionpack-3.0.1/lib/action_dispatch/middleware/templates/rescues/routing_error.erb within rescues/layout (2.0ms)


Started GET "/recipes?utf8=%E2%9C%93&search=cz%C5%82owiek" for 127.0.0.1 at 2011-01-06 14:40:03 +0100
  Processing by RecipesController#index as HTML
  Parameters: {"utf8"=>"✓", "search"=>"człowiek"}
  [1m[36mRecipe Load (2.0ms)[0m  [1mSELECT "recipes".* FROM "recipes" WHERE (nazwa like '%człowiek%') ORDER BY created_at desc[0m
Rendered recipes/index.html.erb within layouts/application (45.0ms)
Completed 200 OK in 183ms (Views: 143.0ms | ActiveRecord: 2.0ms)


Started GET "/javascripts/prototype.js" for 127.0.0.1 at 2011-01-06 14:40:04 +0100

ActionController::RoutingError (No route matches "/javascripts/prototype.js"):
  

Rendered D:/Ruby192/lib/ruby/gems/1.9.1/gems/actionpack-3.0.1/lib/action_dispatch/middleware/templates/rescues/routing_error.erb within rescues/layout (1.0ms)


Started GET "/javascripts/effects.js" for 127.0.0.1 at 2011-01-06 14:40:04 +0100

ActionController::RoutingError (No route matches "/javascripts/effects.js"):
  

Rendered D:/Ruby192/lib/ruby/gems/1.9.1/gems/actionpack-3.0.1/lib/action_dispatch/middleware/templates/rescues/routing_error.erb within rescues/layout (30.0ms)


Started GET "/javascripts/dragdrop.js" for 127.0.0.1 at 2011-01-06 14:40:04 +0100

ActionController::RoutingError (No route matches "/javascripts/dragdrop.js"):
  

Rendered D:/Ruby192/lib/ruby/gems/1.9.1/gems/actionpack-3.0.1/lib/action_dispatch/middleware/templates/rescues/routing_error.erb within rescues/layout (2.0ms)


Started GET "/javascripts/controls.js" for 127.0.0.1 at 2011-01-06 14:40:04 +0100

ActionController::RoutingError (No route matches "/javascripts/controls.js"):
  

Rendered D:/Ruby192/lib/ruby/gems/1.9.1/gems/actionpack-3.0.1/lib/action_dispatch/middleware/templates/rescues/routing_error.erb within rescues/layout (2.0ms)


Started GET "/javascripts/rails.js" for 127.0.0.1 at 2011-01-06 14:40:04 +0100

ActionController::RoutingError (No route matches "/javascripts/rails.js"):
  

Rendered D:/Ruby192/lib/ruby/gems/1.9.1/gems/actionpack-3.0.1/lib/action_dispatch/middleware/templates/rescues/routing_error.erb within rescues/layout (2.0ms)


Started GET "/recipes?utf8=%E2%9C%93&search=" for 127.0.0.1 at 2011-01-06 14:40:06 +0100
  Processing by RecipesController#index as HTML
  Parameters: {"utf8"=>"✓", "search"=>""}
  [1m[35mRecipe Load (2.0ms)[0m  SELECT "recipes".* FROM "recipes" WHERE (nazwa like '%%') ORDER BY created_at desc
Rendered recipes/index.html.erb within layouts/application (77.0ms)
Completed 200 OK in 216ms (Views: 176.0ms | ActiveRecord: 2.0ms)


Started GET "/javascripts/prototype.js" for 127.0.0.1 at 2011-01-06 14:40:07 +0100

ActionController::RoutingError (No route matches "/javascripts/prototype.js"):
  

Rendered D:/Ruby192/lib/ruby/gems/1.9.1/gems/actionpack-3.0.1/lib/action_dispatch/middleware/templates/rescues/routing_error.erb within rescues/layout (2.0ms)


Started GET "/javascripts/effects.js" for 127.0.0.1 at 2011-01-06 14:40:07 +0100

ActionController::RoutingError (No route matches "/javascripts/effects.js"):
  

Rendered D:/Ruby192/lib/ruby/gems/1.9.1/gems/actionpack-3.0.1/lib/action_dispatch/middleware/templates/rescues/routing_error.erb within rescues/layout (2.0ms)


Started GET "/javascripts/dragdrop.js" for 127.0.0.1 at 2011-01-06 14:40:07 +0100

ActionController::RoutingError (No route matches "/javascripts/dragdrop.js"):
  

Rendered D:/Ruby192/lib/ruby/gems/1.9.1/gems/actionpack-3.0.1/lib/action_dispatch/middleware/templates/rescues/routing_error.erb within rescues/layout (2.0ms)


Started GET "/javascripts/controls.js" for 127.0.0.1 at 2011-01-06 14:40:07 +0100

ActionController::RoutingError (No route matches "/javascripts/controls.js"):
  

Rendered D:/Ruby192/lib/ruby/gems/1.9.1/gems/actionpack-3.0.1/lib/action_dispatch/middleware/templates/rescues/routing_error.erb within rescues/layout (2.0ms)


Started GET "/javascripts/rails.js" for 127.0.0.1 at 2011-01-06 14:40:07 +0100

ActionController::RoutingError (No route matches "/javascripts/rails.js"):
  

Rendered D:/Ruby192/lib/ruby/gems/1.9.1/gems/actionpack-3.0.1/lib/action_dispatch/middleware/templates/rescues/routing_error.erb within rescues/layout (2.0ms)
